<?xml version="1.0" encoding="UTF-8"?>
<testsuite name="com.studentapp.junit.studentsinfo.StudentsCRUDTest" time="1.119" tests="1" errors="0" skipped="0" failures="1">
  <properties>
[...]
</properties>
  <testcase name="createStudent" classname="com.studentapp.junit.studentsinfo.StudentsCRUDTest" time="1.119">
    <failure message="1 expectation failed.&#10;Expected status code &lt;201&gt; but was &lt;500&gt;.&#10;" type="java.lang.AssertionError"><![CDATA[java.lang.AssertionError: 1 expectation failed.
Expected status code <201> but was <500>.

	at sun.reflect.NativeConstructorAccessorImpl.newInstance0(Native Method)
	at sun.reflect.NativeConstructorAccessorImpl.newInstance(NativeConstructorAccessorImpl.java:62)
	at sun.reflect.DelegatingConstructorAccessorImpl.newInstance(DelegatingConstructorAccessorImpl.java:45)
	at java.lang.reflect.Constructor.newInstance(Constructor.java:423)
	at org.codehaus.groovy.reflection.CachedConstructor.invoke(CachedConstructor.java:83)
	at org.codehaus.groovy.reflection.CachedConstructor.doConstructorInvoke(CachedConstructor.java:77)
	at org.codehaus.groovy.runtime.callsite.ConstructorSite$ConstructorSiteNoUnwrap.callConstructor(ConstructorSite.java:84)
	at org.codehaus.groovy.runtime.callsite.AbstractCallSite.callConstructor(AbstractCallSite.java:247)
	at io.restassured.internal.ResponseSpecificationImpl$HamcrestAssertionClosure.validate(ResponseSpecificationImpl.groovy:471)
	at io.restassured.internal.ResponseSpecificationImpl$HamcrestAssertionClosure$validate$1.call(Unknown Source)
	at io.restassured.internal.ResponseSpecificationImpl.validateResponseIfRequired(ResponseSpecificationImpl.groovy:643)
	at sun.reflect.NativeMethodAccessorImpl.invoke0(Native Method)
	at sun.reflect.NativeMethodAccessorImpl.invoke(NativeMethodAccessorImpl.java:62)
	at sun.reflect.DelegatingMethodAccessorImpl.invoke(DelegatingMethodAccessorImpl.java:43)
	at java.lang.reflect.Method.invoke(Method.java:498)
	at org.codehaus.groovy.runtime.callsite.PogoMetaMethodSite$PogoCachedMethodSiteNoUnwrapNoCoerce.invoke(PogoMetaMethodSite.java:210)
	at org.codehaus.groovy.runtime.callsite.PogoMetaMethodSite.callCurrent(PogoMetaMethodSite.java:59)
	at org.codehaus.groovy.runtime.callsite.AbstractCallSite.callCurrent(AbstractCallSite.java:166)
	at io.restassured.internal.ResponseSpecificationImpl.statusCode(ResponseSpecificationImpl.groovy:122)
	at io.restassured.specification.ResponseSpecification$statusCode$0.callCurrent(Unknown Source)
	at io.restassured.internal.ResponseSpecificationImpl.statusCode(ResponseSpecificationImpl.groovy:130)
	at io.restassured.internal.ValidatableResponseOptionsImpl.statusCode(ValidatableResponseOptionsImpl.java:117)
	at com.studentapp.junit.studentsinfo.StudentsCRUDTest.createStudent(StudentsCRUDTest.java:50)
]]></failure>
    <system-out><![CDATA[Request method:	POST
Request URI:	http://localhost:8080/student
Proxy:			<none>
Request params:	<none>
Query params:	<none>
Form params:	<none>
Path params:	<none>
Headers:		Accept=*/*
				Content-Type=application/json; charset=UTF-8
Cookies:		<none>
Multiparts:		<none>
Body:
{
    "id": 0,
    "firstName": "SMOKEUSER",
    "lastName": "SMOKEUSER",
    "email": "xyz@gmail.com",
    "programme": "CS",
    "courses": [
        "JAVA",
        "PYTHON"
    ]
}
HTTP/1.1 500 
Content-Type: application/json;charset=UTF-8
Transfer-Encoding: chunked
Date: Wed, 17 Jul 2019 12:12:15 GMT
Connection: close

{
    "error": "Email address already exists"
}
]]></system-out>
    <system-err><![CDATA[24685 [main] ERROR net.thucydides.core.steps.ConsoleLoggingListener - 
         __  _____ _____ ____ _____ 
 _      / / |_   _| ____/ ___|_   _|
(_)____| |    | | |  _| \___ \ | |  
 |_____| |    | | | |___ ___) || |  
(_)    | |    |_| |_____|____/ |_|  
        \_\                         
  ____ ___  __  __ ____  ____   ___  __  __ ___ ____  _____ ____  
 / ___/ _ \|  \/  |  _ \|  _ \ / _ \|  \/  |_ _/ ___|| ____|  _ \ 
| |  | | | | |\/| | |_) | |_) | | | | |\/| || |\___ \|  _| | | | |
| |__| |_| | |  | |  __/|  _ <| |_| | |  | || | ___) | |___| |_| |
 \____\___/|_|  |_|_|   |_| \_\\___/|_|  |_|___|____/|_____|____/

TEST COMPROMISED: File does not exists
-------------------------------------
24685 [main] ERROR net.thucydides.core.steps.ConsoleLoggingListener - E:\file.txt (The system cannot find the path specified)
24796 [main] INFO net.thucydides.core.steps.ConsoleLoggingListener - Test Suite Started: Students CRUD test
25746 [main] INFO net.thucydides.core.steps.ConsoleLoggingListener - 
 _____ _____ ____ _____   ____ _____  _    ____ _____ _____ ____  
|_   _| ____/ ___|_   _| / ___|_   _|/ \  |  _ \_   _| ____|  _ \ 
  | | |  _| \___ \ | |   \___ \ | | / _ \ | |_) || | |  _| | | | |
  | | | |___ ___) || |    ___) || |/ ___ \|  _ < | | | |___| |_| |
  |_| |_____|____/ |_|   |____/ |_/_/   \_\_| \_\|_| |_____|____/ 
                                                                  

TEST STARTED: createStudent
-------------------------------------------------------------------
25746 [main] INFO net.serenitybdd.core.Serenity - TEST NUMBER: 16
]]></system-err>
  </testcase>
</testsuite>